[    0.000000] Initializing cgroup subsys cpuset
[    0.000000] Initializing cgroup subsys cpu
[    0.000000] Initializing cgroup subsys cpuacct
[    0.000000] Linux version 4.4.0-72-generic (buildd@lcy01-17) (gcc version 5.4.0 20160609 (Ubuntu 5.4.0-6ubuntu1~16.04.4) ) #93-Ubuntu SMP Fri Mar 31 14:07:41 UTC 2017 (Ubuntu 4.4.0-72.93-generic 4.4.49)
[    0.000000] Command line: BOOT_IMAGE=/boot/vmlinuz-4.4.0-72-generic root=LABEL=cloudimg-rootfs ro console=tty1 console=ttyS0
[    0.000000] KERNEL supported cpus:
[    0.000000]   Intel GenuineIntel
[    0.000000]   AMD AuthenticAMD
[    0.000000]   Centaur CentaurHauls
[    0.000000] ------------[ cut here ]------------
[    0.000000] WARNING: CPU: 0 PID: 0 at /build/linux-wXdoVv/linux-4.4.0/arch/x86/kernel/fpu/xstate.c:517 fpu__init_system_xstate+0x38b/0x75a()
[    0.000000] XSAVE consistency problem, dumping leaves
[    0.000000] Modules linked in:
[    0.000000] CPU: 0 PID: 0 Comm: swapper Not tainted 4.4.0-72-generic #93-Ubuntu
[    0.000000]  0000000000000086 a811613fb918afbe ffffffff81e03d80 ffffffff813f82b3
[    0.000000]  ffffffff81e03dc8 ffffffff81ca8bb0 ffffffff81e03db8 ffffffff81081302
[    0.000000]  ffffffff81e03e48 ffffffff81e03e4c 0000000000000008 0000000000000100
[    0.000000] Call Trace:
[    0.000000]  [<ffffffff813f82b3>] dump_stack+0x63/0x90
[    0.000000]  [<ffffffff81081302>] warn_slowpath_common+0x82/0xc0
[    0.000000]  [<ffffffff8108139c>] warn_slowpath_fmt+0x5c/0x80
[    0.000000]  [<ffffffff8107cfd0>] ? xfeature_size+0x59/0x77
[    0.000000]  [<ffffffff81f6d20f>] fpu__init_system_xstate+0x38b/0x75a
[    0.000000]  [<ffffffff81f5d120>] ? early_idt_handler_array+0x120/0x120
[    0.000000]  [<ffffffff81f6cb7a>] fpu__init_system+0x10d/0x245
[    0.000000]  [<ffffffff81f6dc83>] early_cpu_init+0x139/0x13e
[    0.000000]  [<ffffffff81f6dc83>] ? early_cpu_init+0x139/0x13e
[    0.000000]  [<ffffffff81f6918a>] setup_arch+0xb4/0xcf1
[    0.000000]  [<ffffffff81f5d120>] ? early_idt_handler_array+0x120/0x120
[    0.000000]  [<ffffffff81f5dc74>] start_kernel+0xe4/0x4a2
[    0.000000]  [<ffffffff81f5d120>] ? early_idt_handler_array+0x120/0x120
[    0.000000]  [<ffffffff81f5d339>] x86_64_start_reservations+0x2a/0x2c
[    0.000000]  [<ffffffff81f5d485>] x86_64_start_kernel+0x14a/0x16d
[    0.000000] ---[ end trace 4d5ff9f2f68c4233 ]---
[    0.000000] CPUID[0d, 00]: eax=00000007 ebx=00000440 ecx=00000440 edx=00000000
[    0.000000] CPUID[0d, 01]: eax=00000000 ebx=000003c0 ecx=00000000 edx=00000000
[    0.000000] CPUID[0d, 02]: eax=00000100 ebx=00000240 ecx=00000000 edx=00000000
[    0.000000] CPUID[0d, 03]: eax=00000000 ebx=00000000 ecx=00000000 edx=00000000
[    0.000000] CPUID[0d, 04]: eax=00000000 ebx=00000000 ecx=00000000 edx=00000000
[    0.000000] CPUID[0d, 05]: eax=00000000 ebx=00000000 ecx=00000000 edx=00000000
[    0.000000] CPUID[0d, 06]: eax=00000000 ebx=00000000 ecx=00000000 edx=00000000
[    0.000000] CPUID[0d, 07]: eax=00000000 ebx=00000000 ecx=00000000 edx=00000000
[    0.000000] CPUID[0d, 08]: eax=00000000 ebx=00000000 ecx=00000000 edx=00000000
[    0.000000] CPUID[0d, 09]: eax=00000000 ebx=00000000 ecx=00000000 edx=00000000
[    0.000000] CPUID[0d, 0a]: eax=00000000 ebx=00000000 ecx=00000000 edx=00000000
[    0.000000] CPUID[0d, 0b]: eax=00000000 ebx=00000000 ecx=00000000 edx=00000000
[    0.000000] CPUID[0d, 0c]: eax=00000000 ebx=00000000 ecx=00000000 edx=00000000
[    0.000000] CPUID[0d, 0d]: eax=00000000 ebx=00000000 ecx=00000000 edx=00000000
[    0.000000] CPUID[0d, 0e]: eax=00000000 ebx=00000000 ecx=00000000 edx=00000000
[    0.000000] CPUID[0d, 0f]: eax=00000000 ebx=00000000 ecx=00000000 edx=00000000
[    0.000000] CPUID[0d, 10]: eax=00000000 ebx=00000000 ecx=00000000 edx=00000000
[    0.000000] CPUID[0d, 11]: eax=00000000 ebx=00000000 ecx=00000000 edx=00000000
[    0.000000] x86/fpu: xstate_offset[2]:  576, xstate_sizes[2]:  256
[    0.000000] x86/fpu: Supporting XSAVE feature 0x01: 'x87 floating point registers'
[    0.000000] x86/fpu: Supporting XSAVE feature 0x02: 'SSE registers'
[    0.000000] x86/fpu: Supporting XSAVE feature 0x04: 'AVX registers'
[    0.000000] x86/fpu: Enabled xstate features 0x7, context size is 1088 bytes, using 'standard' format.
[    0.000000] x86/fpu: Using 'lazy' FPU context switches.
[    0.000000] e820: BIOS-provided physical RAM map:
[    0.000000] BIOS-e820: [mem 0x0000000000000000-0x000000000009fbff] usable
[    0.000000] BIOS-e820: [mem 0x000000000009fc00-0x000000000009ffff] reserved
[    0.000000] BIOS-e820: [mem 0x00000000000f0000-0x00000000000fffff] reserved
[    0.000000] BIOS-e820: [mem 0x0000000000100000-0x000000003ffeffff] usable
[    0.000000] BIOS-e820: [mem 0x000000003fff0000-0x000000003fffffff] ACPI data
[    0.000000] BIOS-e820: [mem 0x00000000fec00000-0x00000000fec00fff] reserved
[    0.000000] BIOS-e820: [mem 0x00000000fee00000-0x00000000fee00fff] reserved
[    0.000000] BIOS-e820: [mem 0x00000000fffc0000-0x00000000ffffffff] reserved
[    0.000000] NX (Execute Disable) protection: active
[    0.000000] SMBIOS 2.5 present.
[    0.000000] Hypervisor detected: KVM
[    0.000000] e820: last_pfn = 0x3fff0 max_arch_pfn = 0x400000000
[    0.000000] MTRR: Disabled
[    0.000000] x86/PAT: MTRRs disabled, skipping PAT initialization too.
[    0.000000] x86/PAT: Configuration [0-7]: WB  WT  UC- UC  WB  WT  UC- UC  
[    0.000000] CPU MTRRs all blank - virtualized system.
[    0.000000] found SMP MP-table at [mem 0x0009fff0-0x0009ffff] mapped at [ffff88000009fff0]
[    0.000000] Scanning 1 areas for low memory corruption
[    0.000000] RAMDISK: [mem 0x36ac8000-0x3755bfff]
[    0.000000] ACPI: Early table checksum verification disabled
[    0.000000] ACPI: RSDP 0x00000000000E0000 000024 (v02 VBOX  )
[    0.000000] ACPI: XSDT 0x000000003FFF0030 00003C (v01 VBOX   VBOXXSDT 00000001 ASL  00000061)
[    0.000000] ACPI: FACP 0x000000003FFF00F0 0000F4 (v04 VBOX   VBOXFACP 00000001 ASL  00000061)
[    0.000000] ACPI: DSDT 0x000000003FFF0470 0021C8 (v02 VBOX   VBOXBIOS 00000002 INTL 20100528)
[    0.000000] ACPI: FACS 0x000000003FFF0200 000040
[    0.000000] ACPI: FACS 0x000000003FFF0200 000040
[    0.000000] ACPI: APIC 0x000000003FFF0240 00005C (v02 VBOX   VBOXAPIC 00000001 ASL  00000061)
[    0.000000] ACPI: SSDT 0x000000003FFF02A0 0001CC (v01 VBOX   VBOXCPUT 00000002 INTL 20100528)
[    0.000000] No NUMA configuration found
[    0.000000] Faking a node at [mem 0x0000000000000000-0x000000003ffeffff]
[    0.000000] NODE_DATA(0) allocated [mem 0x3ffeb000-0x3ffeffff]
[    0.000000] kvm-clock: Using msrs 4b564d01 and 4b564d00
[    0.000000] kvm-clock: cpu 0, msr 0:3ffe3001, primary cpu clock
[    0.000000] kvm-clock: using sched offset of 2949650082 cycles
[    0.000000] clocksource: kvm-clock: mask: 0xffffffffffffffff max_cycles: 0x1cd42e4dffb, max_idle_ns: 881590591483 ns
[    0.000000] Zone ranges:
[    0.000000]   DMA      [mem 0x0000000000001000-0x0000000000ffffff]
[    0.000000]   DMA32    [mem 0x0000000001000000-0x000000003ffeffff]
[    0.000000]   Normal   empty
[    0.000000]   Device   empty
[    0.000000] Movable zone start for each node
[    0.000000] Early memory node ranges
[    0.000000]   node   0: [mem 0x0000000000001000-0x000000000009efff]
[    0.000000]   node   0: [mem 0x0000000000100000-0x000000003ffeffff]
[    0.000000] Initmem setup node 0 [mem 0x0000000000001000-0x000000003ffeffff]
[    0.000000] ACPI: PM-Timer IO Port: 0x4008
[    0.000000] IOAPIC[0]: apic_id 2, version 32, address 0xfec00000, GSI 0-23
[    0.000000] ACPI: INT_SRC_OVR (bus 0 bus_irq 0 global_irq 2 dfl dfl)
[    0.000000] ACPI: INT_SRC_OVR (bus 0 bus_irq 9 global_irq 9 high level)
[    0.000000] Using ACPI (MADT) for SMP configuration information
[    0.000000] smpboot: Allowing 2 CPUs, 0 hotplug CPUs
[    0.000000] PM: Registered nosave memory: [mem 0x00000000-0x00000fff]
[    0.000000] PM: Registered nosave memory: [mem 0x0009f000-0x0009ffff]
[    0.000000] PM: Registered nosave memory: [mem 0x000a0000-0x000effff]
[    0.000000] PM: Registered nosave memory: [mem 0x000f0000-0x000fffff]
[    0.000000] e820: [mem 0x40000000-0xfebfffff] available for PCI devices
[    0.000000] Booting paravirtualized kernel on KVM
[    0.000000] clocksource: refined-jiffies: mask: 0xffffffff max_cycles: 0xffffffff, max_idle_ns: 7645519600211568 ns
[    0.000000] setup_percpu: NR_CPUS:512 nr_cpumask_bits:512 nr_cpu_ids:2 nr_node_ids:1
[    0.000000] PERCPU: Embedded 33 pages/cpu @ffff88003fc00000 s98264 r8192 d28712 u1048576
[    0.000000] PV qspinlock hash table entries: 256 (order: 0, 4096 bytes)
[    0.000000] Built 1 zonelists in Node order, mobility grouping on.  Total pages: 257913
[    0.000000] Policy zone: DMA32
[    0.000000] Kernel command line: BOOT_IMAGE=/boot/vmlinuz-4.4.0-72-generic root=LABEL=cloudimg-rootfs ro console=tty1 console=ttyS0
[    0.000000] PID hash table entries: 4096 (order: 3, 32768 bytes)
[    0.000000] Memory: 1001748K/1048120K available (8452K kernel code, 1293K rwdata, 3976K rodata, 1484K init, 1316K bss, 46372K reserved, 0K cma-reserved)
[    0.000000] SLUB: HWalign=64, Order=0-3, MinObjects=0, CPUs=2, Nodes=1
[    0.000000] Hierarchical RCU implementation.
[    0.000000] 	Build-time adjustment of leaf fanout to 64.
[    0.000000] 	RCU restricting CPUs from NR_CPUS=512 to nr_cpu_ids=2.
[    0.000000] RCU: Adjusting geometry for rcu_fanout_leaf=64, nr_cpu_ids=2
[    0.000000] NR_IRQS:33024 nr_irqs:440 16
[    0.000000] Console: colour VGA+ 80x25
[    0.000000] console [tty1] enabled
[    0.000000] console [ttyS0] enabled
[    0.000000] tsc: Detected 2712.006 MHz processor
[    3.205264] Calibrating delay loop (skipped) preset value.. 5424.01 BogoMIPS (lpj=10848024)
[    3.206513] pid_max: default: 32768 minimum: 301
[    3.210539] ACPI: Core revision 20150930
[    3.268088] ACPI: 2 ACPI AML tables successfully acquired and loaded
[    3.278231] Security Framework initialized
[    3.278923] Yama: becoming mindful.
[    3.279564] AppArmor: AppArmor initialized
[    3.280359] Dentry cache hash table entries: 131072 (order: 8, 1048576 bytes)
[    3.281561] Inode-cache hash table entries: 65536 (order: 7, 524288 bytes)
[    3.338572] Mount-cache hash table entries: 2048 (order: 2, 16384 bytes)
[    3.456943] Mountpoint-cache hash table entries: 2048 (order: 2, 16384 bytes)
[    3.532476] Initializing cgroup subsys io
[    3.534326] Initializing cgroup subsys memory
[    3.546648] Initializing cgroup subsys devices
[    3.561640] Initializing cgroup subsys freezer
[    3.562301] Initializing cgroup subsys net_cls
[    3.616784] Initializing cgroup subsys perf_event
[    3.676471] Initializing cgroup subsys net_prio
[    3.747950] Initializing cgroup subsys hugetlb
[    3.818530] Initializing cgroup subsys pids
[    3.881035] CPU: Physical Processor ID: 0
[    3.934373] CPU: Processor Core ID: 0
[    3.978437] mce: CPU supports 0 MCE banks
[    4.025310] Last level iTLB entries: 4KB 64, 2MB 8, 4MB 8
[    4.026063] Last level dTLB entries: 4KB 64, 2MB 0, 4MB 0, 1GB 4
[    4.028583] Freeing SMP alternatives memory: 32K (ffffffff820b8000 - ffffffff820c0000)
[    4.045349] ftrace: allocating 32111 entries in 126 pages
[    4.108728] smpboot: APIC(0) Converting physical 0 to logical package 0
[    4.191350] smpboot: Max logical packages: 1
[    4.233125] x2apic enabled
[    4.242131] Switched APIC routing to physical x2apic.
[    4.301371] ..TIMER: vector=0x30 apic1=0 pin1=2 apic2=-1 pin2=-1
[    4.516217] smpboot: CPU0: Intel(R) Core(TM) i5-7200U CPU @ 2.50GHz (family: 0x6, model: 0x8e, stepping: 0x9)
[    4.615424] Performance Events: unsupported p6 CPU model 142 no PMU driver, software events only.
[    4.689189] KVM setup paravirtual spinlock
[    4.725934] x86: Booting SMP configuration:
[    4.769637] .... node  #0, CPUs:      #1
[    4.826735] kvm-clock: cpu 1, msr 0:3ffe3041, secondary cpu clock
[    4.829065] mce: CPU supports 0 MCE banks
[    4.846929] x86: Booted up 1 node, 2 CPUs
[    4.847716] smpboot: Total of 2 processors activated (10848.02 BogoMIPS)
[    4.848889] devtmpfs: initialized
[    4.850567] evm: security.selinux
[    4.859962] evm: security.SMACK64
[    4.860500] evm: security.SMACK64EXEC
[    4.861075] evm: security.SMACK64TRANSMUTE
[    4.861688] evm: security.SMACK64MMAP
[    4.862262] evm: security.ima
[    4.862767] evm: security.capability
[    4.863471] clocksource: jiffies: mask: 0xffffffff max_cycles: 0xffffffff, max_idle_ns: 7645041785100000 ns
[    4.911402] pinctrl core: initialized pinctrl subsystem
[    4.912231] RTC time: 11:33:41, date: 06/06/17
[    4.913437] NET: Registered protocol family 16
[    4.940873] cpuidle: using governor ladder
[    4.988434] cpuidle: using governor menu
[    5.032110] PCCT header not found.
[    5.064726] ACPI: bus type PCI registered
[    5.101013] acpiphp: ACPI Hot Plug PCI Controller Driver version: 0.5
[    5.137130] PCI: Using configuration type 1 for base access
[    5.149820] ACPI: Added _OSI(Module Device)
[    5.158018] ACPI: Added _OSI(Processor Device)
[    5.161134] ACPI: Added _OSI(3.0 _SCP Extensions)
[    5.162125] ACPI: Added _OSI(Processor Aggregator Device)
[    5.165935] ACPI: Executed 1 blocks of module-level executable AML code
[    5.169014] ACPI: Interpreter enabled
[    5.188150] ACPI: (supports S0 S5)
[    5.188701] ACPI: Using IOAPIC for interrupt routing
[    5.189548] PCI: Using host bridge windows from ACPI; if necessary, use "pci=nocrs" and report a bug
[    5.193645] ACPI: PCI Root Bridge [PCI0] (domain 0000 [bus 00-ff])
[    5.194469] acpi PNP0A03:00: _OSC: OS supports [ASPM ClockPM Segments MSI]
[    5.195346] acpi PNP0A03:00: _OSC failed (AE_NOT_FOUND); disabling ASPM
[    5.196205] acpi PNP0A03:00: fail to add MMCONFIG information, can't access extended PCI configuration space under this bridge.
[    5.197906] PCI host bridge to bus 0000:00
[    5.210724] pci_bus 0000:00: root bus resource [io  0x0000-0x0cf7 window]
[    5.211591] pci_bus 0000:00: root bus resource [io  0x0d00-0xffff window]
[    5.244700] pci_bus 0000:00: root bus resource [mem 0x000a0000-0x000bffff window]
[    5.245812] pci_bus 0000:00: root bus resource [mem 0x40000000-0xffdfffff window]
[    5.246930] pci_bus 0000:00: root bus resource [bus 00-ff]
[    5.292275] pci 0000:00:01.1: legacy IDE quirk: reg 0x10: [io  0x01f0-0x01f7]
[    5.364013] pci 0000:00:01.1: legacy IDE quirk: reg 0x14: [io  0x03f6]
[    5.426079] pci 0000:00:01.1: legacy IDE quirk: reg 0x18: [io  0x0170-0x0177]
[    5.430156] pci 0000:00:01.1: legacy IDE quirk: reg 0x1c: [io  0x0376]
[    5.444569] pci 0000:00:07.0: quirk: [io  0x4000-0x403f] claimed by PIIX4 ACPI
[    5.459356] pci 0000:00:07.0: quirk: [io  0x4100-0x410f] claimed by PIIX4 SMB
[    5.487694] ACPI: PCI Interrupt Link [LNKA] (IRQs 5 9 10 *11)
[    5.501455] ACPI: PCI Interrupt Link [LNKB] (IRQs 5 9 10 *11)
[    5.502714] ACPI: PCI Interrupt Link [LNKC] (IRQs 5 9 *10 11)
[    5.503959] ACPI: PCI Interrupt Link [LNKD] (IRQs 5 *9 10 11)
[    5.505269] ACPI: Enabled 2 GPEs in block 00 to 07
[    5.506414] vgaarb: setting as boot device: PCI:0000:00:02.0
[    5.507284] vgaarb: device added: PCI:0000:00:02.0,decodes=io+mem,owns=io+mem,locks=none
[    5.508634] vgaarb: loaded
[    5.509176] vgaarb: bridge control possible 0000:00:02.0
[    5.510328] SCSI subsystem initialized
[    5.512199] ACPI: bus type USB registered
[    5.515715] usbcore: registered new interface driver usbfs
[    5.516567] usbcore: registered new interface driver hub
[    5.517393] usbcore: registered new device driver usb
[    5.518370] PCI: Using ACPI for IRQ routing
[    5.519283] NetLabel: Initializing
[    5.519882] NetLabel:  domain hash size = 128
[    5.520588] NetLabel:  protocols = UNLABELED CIPSOv4
[    5.521368] NetLabel:  unlabeled traffic allowed by default
[    5.522481] amd_nb: Cannot enumerate AMD northbridges
[    5.567527] clocksource: Switched to clocksource kvm-clock
[    5.658523] AppArmor: AppArmor Filesystem Enabled
[    5.671234] pnp: PnP ACPI init
[    5.672536] pnp: PnP ACPI: found 3 devices
[    5.685587] clocksource: acpi_pm: mask: 0xffffff max_cycles: 0xffffff, max_idle_ns: 2085701024 ns
[    5.709752] NET: Registered protocol family 2
[    5.748867] TCP established hash table entries: 8192 (order: 4, 65536 bytes)
[    5.867599] TCP bind hash table entries: 8192 (order: 5, 131072 bytes)
[    5.879146] TCP: Hash tables configured (established 8192 bind 8192)
[    5.880006] UDP hash table entries: 512 (order: 2, 16384 bytes)
[    5.880785] UDP-Lite hash table entries: 512 (order: 2, 16384 bytes)
[    5.881643] NET: Registered protocol family 1
[    5.882326] pci 0000:00:00.0: Limiting direct PCI/PCI transfers
[    5.883116] pci 0000:00:01.0: Activating ISA DMA hang workarounds
[    5.884399] Unpacking initramfs...
[    7.500955] Freeing initrd memory: 10832K (ffff880036ac8000 - ffff88003755c000)
[    7.517312] platform rtc_cmos: registered platform RTC device (no PNP device found)
[    7.518512] Scanning for low memory corruption every 60 seconds
[    7.519748] futex hash table entries: 512 (order: 3, 32768 bytes)
[    7.520583] audit: initializing netlink subsys (disabled)
[    7.521331] audit: type=2000 audit(1496748824.205:1): initialized
[    7.522399] Initialise system trusted keyring
[    7.573371] HugeTLB registered 2 MB page size, pre-allocated 0 pages
[    7.641614] zbud: loaded
[    7.672133] VFS: Disk quotas dquot_6.6.0
[    7.753059] VFS: Dquot-cache hash table entries: 512 (order 0, 4096 bytes)
[    7.900977] squashfs: version 4.0 (2009/01/31) Phillip Lougher
[    7.985530] fuse init (API version 7.23)
[    7.986252] Key type big_key registered
[    7.986851] Allocating IMA MOK and blacklist keyrings.
[    7.988419] Key type asymmetric registered
[    7.989033] Asymmetric key parser 'x509' registered
[    7.989748] Block layer SCSI generic (bsg) driver version 0.4 loaded (major 249)
[    7.992577] io scheduler noop registered
[    7.993170] io scheduler deadline registered (default)
[    7.993922] io scheduler cfq registered
[    7.994593] pci_hotplug: PCI Hot Plug PCI Core version: 0.5
[    7.996483] pciehp: PCI Express Hot Plug Controller Driver version: 0.4
[    7.997480] ACPI: AC Adapter [AC] (on-line)
[    7.998146] input: Power Button as /devices/LNXSYSTM:00/LNXPWRBN:00/input/input0
[    8.000644] ACPI: Power Button [PWRF]
[    8.001276] input: Sleep Button as /devices/LNXSYSTM:00/LNXSLPBN:00/input/input1
[    8.002380] ACPI: Sleep Button [SLPF]
[    8.003086] GHES: HEST is not enabled!
[    8.003684] ACPI: Battery Slot [BAT0] (battery present)
[    8.005694] Serial: 8250/16550 driver, 32 ports, IRQ sharing enabled
[    8.027870] 00:02: ttyS0 at I/O 0x3f8 (irq = 4, base_baud = 115200) is a 16550A
[    8.106222] Linux agpgart interface v0.103
[    8.161348] loop: module loaded
[    8.219152] scsi host0: ata_piix
[    8.248637] scsi host1: ata_piix
[    8.289803] ata1: PATA max UDMA/33 cmd 0x1f0 ctl 0x3f6 bmdma 0xd000 irq 14
[    8.290678] ata2: PATA max UDMA/33 cmd 0x170 ctl 0x376 bmdma 0xd008 irq 15
[    8.291690] libphy: Fixed MDIO Bus: probed
[    8.342701] tun: Universal TUN/TAP device driver, 1.6
[    8.449088] tun: (C) 1999-2004 Max Krasnyansky <maxk@qualcomm.com>
[    8.550646] tsc: Refined TSC clocksource calibration: 2710.799 MHz
[    8.643998] clocksource: tsc: mask: 0xffffffffffffffff max_cycles: 0x271317bf54d, max_idle_ns: 440795245383 ns
[    8.840145] PPP generic driver version 2.4.2
[    8.857373] ehci_hcd: USB 2.0 'Enhanced' Host Controller (EHCI) Driver
[    8.858593] ehci-pci: EHCI PCI platform driver
[    8.873863] ehci-platform: EHCI generic platform driver
[    8.874679] ohci_hcd: USB 1.1 'Open' Host Controller (OHCI) Driver
[    8.875578] ohci-pci: OHCI PCI platform driver
[    8.876309] ohci-platform: OHCI generic platform driver
[    8.877104] uhci_hcd: USB Universal Host Controller Interface driver
[    8.878074] i8042: PNP: PS/2 Controller [PNP0303:PS2K,PNP0f03:PS2M] at 0x60,0x64 irq 1,12
[    8.879852] serio: i8042 KBD port at 0x60,0x64 irq 1
[    8.880658] serio: i8042 AUX port at 0x60,0x64 irq 12
[    8.881727] mousedev: PS/2 mouse device common for all mice
[    8.949451] input: AT Translated Set 2 keyboard as /devices/platform/i8042/serio0/input/input2
[    8.989111] rtc_cmos rtc_cmos: rtc core: registered rtc_cmos as rtc0
[    8.990003] rtc_cmos rtc_cmos: alarms up to one day, 114 bytes nvram
[    8.990842] i2c /dev entries driver
[    8.991477] device-mapper: uevent: version 1.0.3
[    8.992247] device-mapper: ioctl: 4.34.0-ioctl (2015-10-28) initialised: dm-devel@redhat.com
[    8.999448] ledtrig-cpu: registered to indicate activity on CPUs
[    9.000756] NET: Registered protocol family 10
[    9.029057] NET: Registered protocol family 17
[    9.058893] Key type dns_resolver registered
[    9.059764] microcode: CPU0 sig=0x806e9, pf=0x8, revision=0x0
[    9.060650] microcode: CPU1 sig=0x806e9, pf=0x8, revision=0x0
[    9.061487] microcode: Microcode Update Driver: v2.01 <tigran@aivazian.fsnet.co.uk>, Peter Oruba
[    9.071838] registered taskstats version 1
[    9.108841] Loading compiled-in X.509 certificates
[    9.110069] Loaded X.509 cert 'Build time autogenerated kernel key: 04ae903e4643330d1fe41947e79c28b436494994'
[    9.111449] zswap: loaded using pool lzo/zbud
[    9.113531] Key type trusted registered
[    9.161346] Key type encrypted registered
[    9.191894] AppArmor: AppArmor sha1 policy hashing enabled
[    9.192637] ima: No TPM chip found, activating TPM-bypass!
[    9.193390] evm: HMAC attrs: 0x1
[    9.194167]   Magic number: 5:644:579
[    9.194761] pci_bus 0000:00: hash matches
[    9.195409] rtc_cmos rtc_cmos: setting system clock to 2017-06-06 11:33:46 UTC (1496748826)
[    9.196721] BIOS EDD facility v0.16 2004-Jun-25, 0 devices found
[    9.197549] EDD information not available.
[    9.199216] Freeing unused kernel memory: 1484K (ffffffff81f45000 - ffffffff820b8000)
[    9.229275] Write protecting the kernel read-only data: 14336k
[    9.230505] Freeing unused kernel memory: 1776K (ffff880001844000 - ffff880001a00000)
[    9.233600] Freeing unused kernel memory: 120K (ffff880001de2000 - ffff880001e00000)
Loading, please wait...
starting version[    9.259314] random: systemd-udevd: uninitialized urandom read (16 bytes read, 3 bits of entropy available)
 229
[    9.259905] random: udevadm: uninitialized urandom read (16 bytes read, 3 bits of entropy available)
[    9.259935] random: udevadm: uninitialized urandom read (16 bytes read, 3 bits of entropy available)
[    9.260027] random: udevadm: uninitialized urandom read (16 bytes read, 3 bits of entropy available)
[    9.260064] random: udevadm: uninitialized urandom read (16 bytes read, 3 bits of entropy available)
[    9.260104] random: udevadm: uninitialized urandom read (16 bytes read, 3 bits of entropy available)
[    9.260136] random: udevadm: uninitialized urandom read (16 bytes read, 3 bits of entropy available)
[    9.260168] random: udevadm: uninitialized urandom read (16 bytes read, 3 bits of entropy available)
[    9.260197] random: udevadm: uninitialized urandom read (16 bytes read, 3 bits of entropy available)
[    9.260226] random: udevadm: uninitialized urandom read (16 bytes read, 3 bits of entropy available)
[    9.292713] e1000: Intel(R) PRO/1000 Network Driver - version 7.3.21-k8-NAPI
[    9.318627] e1000: Copyright (c) 1999-2006 Intel Corporation.
[    9.444677] Fusion MPT base driver 3.04.20
[    9.452382] Copyright (c) 1999-2008 LSI Corporation
[    9.464401] AVX version of gcm_enc/dec engaged.
[    9.476786] AES CTR mode by8 optimization enabled
[    9.478654] Fusion MPT SPI Host driver 3.04.20
[    9.660029] input: ImExPS/2 Generic Explorer Mouse as /devices/platform/i8042/serio1/input/input4
[    9.854916] e1000 0000:00:03.0 eth0: (PCI:33MHz:32-bit) 02:03:81:8c:20:c6
[    9.908938] e1000 0000:00:03.0 eth0: Intel(R) PRO/1000 Network Connection
[    9.935085] mptbase: ioc0: Initiating bringup
[    9.995914] ioc0: LSI53C1030 A0: Capabilities={Initiator}
[   10.383192] scsi host2: ioc0: LSI53C1030 A0, FwRev=00000000h, Ports=1, MaxQ=256, IRQ=20
[   10.512838] scsi 2:0:0:0: Direct-Access     VBOX     HARDDISK         1.0  PQ: 0 ANSI: 5
[   10.572047] scsi target2:0:0: Beginning Domain Validation
[   10.577853] scsi target2:0:0: Domain Validation skipping write tests
[   10.621389] scsi target2:0:0: Ending Domain Validation
[   10.627698] scsi target2:0:0: asynchronous
[   10.628712] scsi 2:0:1:0: Direct-Access     VBOX     HARDDISK         1.0  PQ: 0 ANSI: 5
[   10.630066] scsi target2:0:1: Beginning Domain Validation
[   10.631426] scsi target2:0:1: Domain Validation skipping write tests
[   10.637672] scsi target2:0:1: Ending Domain Validation
[   10.651349] scsi target2:0:1: asynchronous
[   10.728775] sd 2:0:0:0: Attached scsi generic sg0 type 0
[   10.752112] sd 2:0:1:0: Attached scsi generic sg1 type 0
[   10.754299] sd 2:0:1:0: [sdb] 20480 512-byte logical blocks: (10.5 MB/10.0 MiB)
[   10.757817] sd 2:0:0:0: [sda] 20971520 512-byte logical blocks: (10.7 GB/10.0 GiB)
[   10.761449] sd 2:0:1:0: [sdb] Write Protect is off
[   10.762278] sd 2:0:0:0: [sda] Write Protect is off
[   10.763116] sd 2:0:1:0: [sdb] Incomplete mode parameter data
[   10.765376] sd 2:0:1:0: [sdb] Assuming drive cache: write through
[   10.771637] sd 2:0:0:0: [sda] Incomplete mode parameter data
[   10.772546] sd 2:0:0:0: [sda] Assuming drive cache: write through
[   10.780662]  sda: sda1
[   10.785457] sd 2:0:0:0: [sda] Attached SCSI disk
[   10.788852] sd 2:0:1:0: [sdb] Attached SCSI disk
[   10.863094] e1000 0000:00:08.0 eth1: (PCI:33MHz:32-bit) 08:00:27:ec:04:80
[   10.962515] e1000 0000:00:08.0 eth1: Intel(R) PRO/1000 Network Connection
[   10.965373] e1000 0000:00:03.0 enp0s3: renamed from eth0
[   10.991714] e1000 0000:00:08.0 enp0s8: renamed from eth1
[   12.543662] floppy0: no floppy controllers found
Begin: Loading e[   13.883992] md: linear personality registered for level -1
ssential drivers ... [   14.015168] md: multipath personality registered for level -4
[   14.050613] md: raid0 personality registered for level 0
[   14.081285] md: raid1 personality registered for level 1
[   14.157989] raid6: sse2x1   gen()  9340 MB/s
[   14.295924] raid6: sse2x1   xor()  5458 MB/s
[   14.424161] raid6: sse2x2   gen() 10876 MB/s
[   14.507947] raid6: sse2x2   xor()  7530 MB/s
[   14.587947] raid6: sse2x4   gen() 10771 MB/s
[   14.664229] raid6: sse2x4   xor()  8071 MB/s
[   14.678548] raid6: using algorithm sse2x2 gen() 10876 MB/s
[   14.679286] raid6: .... xor() 7530 MB/s, rmw enabled
[   14.679985] raid6: using ssse3x2 recovery algorithm
[   14.681913] xor: automatically using best checksumming function:
[   14.727583]    avx       : 19184.000 MB/sec
[   14.734826] async_tx: api initialized (async)
[   14.772393] md: raid6 personality registered for level 6
[   14.838616] md: raid5 personality registered for level 5
[   14.841179] md: raid4 personality registered for level 4
[   14.846363] md: raid10 personality registered for level 10
done.
Begin: Running /scripts/init-premount ... done.
Begin: Mounting root file system ... Begin: Running /scripts/local-top ... done.
Begin: Running /scripts/local-premount ... [   14.878813] Btrfs loaded
Scanning for Btrfs filesystems
done.
Warning: fsck no[   14.937386] EXT4-fs (sda1): mounted filesystem with ordered data mode. Opts: (null)
t present, so skipping root file system
done.
Begin: Running /scripts/local-bottom ... done.
Begin: Running /scripts/init-bottom ... done.
[   15.064170] systemd[1]: systemd 229 running in system mode. (+PAM +AUDIT +SELINUX +IMA +APPARMOR +SMACK +SYSVINIT +UTMP +LIBCRYPTSETUP +GCRYPT +GNUTLS +ACL +XZ -LZ4 +SECCOMP +BLKID +ELFUTILS +KMOD -IDN)
[   15.283381] systemd[1]: Detected virtualization oracle.
[   15.285277] systemd[1]: Detected architecture x86-64.

Welcome to [1mUbuntu 16.04.2 LTS[0m!

[   15.312954] systemd[1]: Set hostname to <ubuntu>.
[   15.366365] systemd[1]: Initializing machine ID from random generator.
[   15.384042] systemd[1]: Installed transient /etc/machine-id file.
[   15.478068] systemd[1]: Created slice System Slice.
[[0;32m  OK  [0m] Created slice System Slice.
[   15.605940] systemd[1]: Started Forward Password Requests to Wall Directory Watch.
[[0;32m  OK  [0m] Started Forward Password Requests to Wall Directory Watch.
[   15.614816] systemd[1]: Listening on udev Control Socket.
[[0;32m  OK  [0m] Listening on udev Control Socket.
[   15.617441] systemd[1]: Listening on Journal Socket.
[[0;32m  OK  [0m] Listening on Journal Socket.
[   15.731828] systemd[1]: Starting Set console keymap...
         Starting Set console keymap...
[   15.772240] systemd[1]: Mounting POSIX Message Queue File System...
         Mounting POSIX Message Queue File System...
[   15.784664] systemd[1]: Reached target Encrypted Volumes.
[[0;32m  OK  [0m] Reached target Encrypted Volumes.
[   15.786443] systemd[1]: Reached target User and Group Name Lookups.
[[0;32m  OK  [0m] Reached target User and Group Name Lookups.
[   15.811968] systemd[1]: Starting Remount Root and Kernel File Systems...
         Starting Remount[   15.820608] EXT4-fs (sda1): re-mounted. Opts: (null)
 Root and Kernel File Systems...
[   15.859716] systemd[1]: Starting Uncomplicated firewall...
         Starting Uncomplicated firewall...
[   15.882820] systemd[1]: Listening on Device-mapper event daemon FIFOs.
[[0;32m  OK  [0m] Listening on Device-mapper event daemon FIFOs.
[   15.983298] systemd[1]: Created slice User and Session Slice.
[[0;32m  OK  [0m] Created slice User and Session Slice.
[   15.984826] systemd[1]: Reached target Slices.
[[0;32m  OK  [0m] Reached target Slices.
[   15.999956] systemd[1]: Starting Load Kernel Modules...
[   16.001004] random: nonblocking pool is initialized
[   16.025870] Loading iSCSI transport class v2.0-870.
         Starting Load Kernel Modules...
[   16.031473] systemd[1]: Created slice system-serial\x2dgetty.slice.
[[0;32m  OK  [0m] Created slice system-serial\x2dgetty.slice.
[   16.034866] systemd[1]: Listening on Journal Audit Socket.
[[0;32m  OK  [0m] Listening on Journal Audit Socket.
[   16.038796] systemd[1]: Reached target Swap.
[   16.041156] iscsi: registered transport (tcp)
[[0;32m  OK  [0m] Reached targ[   16.062759] iscsi: registered transport (iser)
et Swap.
[   16.065014] systemd[1]: Listening on LVM2 metadata daemon socket.
[[0;32m  OK  [0m] Listening on LVM2 metadata daemon socket.
[   16.111641] systemd[1]: Mounting Debug File System...
         Mounting Debug File System...
[   16.129288] systemd[1]: Listening on LVM2 poll daemon socket.
[[0;32m  OK  [0m] Listening on LVM2 poll daemon socket.
[   16.130807] systemd[1]: Listening on /dev/initctl Compatibility Named Pipe.
[[0;32m  OK  [0m] Listening on /dev/initctl Compatibility Named Pipe.
[   16.141828] systemd[1]: Starting Create list of required static device nodes for the current kernel...
         Starting Create list of required st... nodes for the current kernel...
[   16.202753] systemd[1]: Set up automount Arbitrary Executable File Formats File System Automount Point.
[[0;32m  OK  [0m] Set up automount Arbitrary Executab...ats File System Automount Point.
[   16.206039] systemd[1]: Starting Monitoring of LVM2 mirrors, snapshots etc. using dmeventd or progress polling...
         Starting Monitoring of LVM2 mirrors... dmeventd or progress polling...
[   16.261588] systemd[1]: Listening on Journal Socket (/dev/log).
[[0;32m  OK  [0m] Listening on Journal Socket (/dev/log).
[   16.266608] systemd[1]: Starting Nameserver information manager...
         Starting Nameserver information manager...
[   16.340540] systemd[1]: Listening on udev Kernel Socket.
[[0;32m  OK  [0m] Listening on udev Kernel Socket.
[   16.351483] systemd[1]: Listening on Syslog Socket.
[[0;32m  OK  [0m] Listening on Syslog Socket.
[   16.354643] systemd[1]: Starting Journal Service...
         Starting Journal Service...
[   16.380356] systemd[1]: Mounting Huge Pages File System...
         Mounting Huge Pages File System...
[   16.588494] systemd[1]: Mounted Debug File System.
[[0;32m  OK  [0m] Mounted Debug File System.
[   16.600557] systemd[1]: Mounted Huge Pages File System.
[[0;32m  OK  [0m] Mounted Huge Pages File System.
[   16.603206] systemd[1]: Mounted POSIX Message Queue File System.
[[0;32m  OK  [0m] Mounted POSIX Message Queue File System.
[   16.610624] systemd[1]: Started Journal Service.
[[0;32m  OK  [0m] Started Journal Service.
[[0;32m  OK  [0m] Started Set console keymap.
[[0;32m  OK  [0m] Started Remount Root and Kernel File Systems.
[[0;32m  OK  [0m] Started Uncomplicated firewall.
[[0;32m  OK  [0m] Started Load Kernel Modules.
[[0;32m  OK  [0m] Started Create list of required sta...ce nodes for the current kernel.
[[0;32m  OK  [0m] Started Nameserver information manager.
[[0;32m  OK  [0m] Started LVM2 metadata daemon.
         Starting Create Static Device Nodes in /dev...
         Mounting FUSE Control File System...
         Starting Apply Kernel Variables...
         Starting Initial cloud-init job (pre-networking)...
         Starting udev Coldplug all Devices...
         Starting Load/Save Random Seed...
         Starting Flush Journal to Persistent Storage...
[[0;32m  OK  [0m] Mounted FUSE Control File System.
[[0;32m  OK  [0m] Started Create Static Device Nodes in /dev.
[[0;32m  OK  [0m] Started Apply Kernel Variables.
[[0;32m  OK  [0m] Started Load/Save Random Seed.
[[0;32m  OK  [0m] Started udev Coldplug all Devices.
[[0;32m  OK  [0m] Started Flush Journal to Persistent Storage.
         Starting udev Kernel Device Manager...
[[0;32m  OK  [0m] Started udev Kernel Device Manager.
[[0;32m  OK  [0m] Started Dispatch Password Requests to Console Directory Watch.
[[0;32m  OK  [0m] Started Monitoring of LVM2 mirrors,...ng dmeventd or progress polling.
[[0;32m  OK  [0m] Reached target Local File Systems (Pre).
[[0;32m  OK  [0m] Reached target Local File Systems.
         Starting Tell Plymouth To Write Out Runtime Data...
         Starting Create Volatile Files and Directories...
         Starting Set console font and keymap...
         Starting LSB: AppArmor initialization...
         Starting Commit a transient machine-id on disk...
[[0;32m  OK  [0m] Started Tell Plymouth To Write Out Runtime Data.
[[0;32m  OK  [0m] Started Create Volatile Files and Directories.
[[0;32m  OK  [0m] Started Commit a transient machine-id on disk.
[[0;32m  OK  [0m] Found device /dev/ttyS0.
[   12.604916] cloud-init[453]: Cloud-init v. 0.7.9 running 'init-local' at Tue, 06 Jun 2017 11:33:54 +0000. Up 12.31 seconds.
[[0;32m  OK  [0m] Started Initial cloud-init job (pre-networking).
[[0;32m  OK  [0m] Started Set console font and keymap.
[[0;32m  OK  [0m] Started LSB: AppArmor initialization.
[[0;32m  OK  [0m] Created slice system-getty.slice.
[[0;32m  OK  [0m] Reached target Network (Pre).
         Starting Raise network interfaces...
[[0;32m  OK  [0m] Listening on Load/Save RF Kill Switch Status /dev/rfkill Watch.
[[0;32m  OK  [0m] Reached target System Time Synchronized.
         Starting Update UTMP about System Boot/Shutdown...
[[0;32m  OK  [0m] Started Update UTMP about System Boot/Shutdown.
[[0;32m  OK  [0m] Started Raise network interfaces.
[[0;32m  OK  [0m] Reached target Network.
         Starting Initial cloud-init job (metadata service crawler)...
[   15.807797] cloud-init[943]: Cloud-init v. 0.7.9 running 'init' at Tue, 06 Jun 2017 11:33:57 +0000. Up 15.37 seconds.
[   15.814860] cloud-init[943]: ci-info: +++++++++++++++++++++++++++++++++++++Net device info++++++++++++++++++++++++++++++++++++++
[   15.831359] cloud-init[943]: ci-info: +--------+-------+---------------------------+---------------+-------+-------------------+
[[0;32m  OK  [0m] Started Initial cloud-init job (metadata service crawler).
[[   15.849923] cloud-init[943]: ci-info: | Device |   Up  |          Address          |      Mask     | Scope |     Hw-Address    |
[   15.855626] cloud-init[943]: ci-info: +--------+-------+---------------------------+---------------+-------+-------------------+
[   15.855706] cloud-init[943]: ci-info: |   lo   |  True |         127.0.0.1         |   255.0.0.0   |   .   |         .         |
[   15.855817] cloud-init[943]: ci-info: |   lo   |  True |          ::1/128          |       .       |  host |         .         |
[   15.855933] cloud-init[943]: ci-info: | enp0s3 |  True |         10.0.2.15         | 255.255.255.0 |   .   | 02:03:81:8c:20:c6 |
[   15.856162] cloud-init[943]: ci-info: | enp0s3 |  True | fe80::3:81ff:fe8c:20c6/64 |       .       |  link | 02:03:81:8c:20:c6 |
[   15.856271] cloud-init[943]: ci-info: | enp0s8 | False |             .             |       .       |   .   | 08:00:27:ec:04:80 |
[   15.856385] cloud-init[943]: ci-info: +--------+-------+---------------------------+---------------+-------+-------------------+
[   15.856496] cloud-init[943]: ci-info: +++++++++++++++++++++++++++Route IPv4 info++++++++++++++++++++++++++++
[   15.856609] cloud-init[943]: ci-info: +-------+-------------+----------+---------------+-----------+-------+
[   15.856721] cloud-init[943]: ci-info: | Route | Destination | Gateway  |    Genmask    | Interface | Flags |
[   15.856834] cloud-init[943]: ci-info: +-------+-------------+----------+---------------+-----------+-------+
[   15.856948] cloud-init[943]: ci-info: |   0   |   0.0.0.0   | 10.0.2.2 |    0.0.0.0    |   enp0s3  |   UG  |
[   15.857060] cloud-init[943]: ci-info: |   1   |   10.0.2.0  | 0.0.0.0  | 255.255.255.0 |   enp0s3  |   U   |
[   15.857174] cloud-init[943]: ci-info: +-------+-------------+----------+---------------+-----------+-------+
[   15.857287] cloud-init[943]: Generating public/private rsa key pair.
[   15.857400] cloud-init[943]: Your identification has been saved in /etc/ssh/ssh_host_rsa_key.
[   15.857512] cloud-init[943]: Your public key has been saved in /etc/ssh/ssh_host_rsa_key.pub.
[   15.857625] cloud-init[943]: The key fingerprint is:
[   15.857759] cloud-init[943]: SHA256:s/N9TMZFlgRhHyYXogXE4Sz5vbK6wtCMnePN7OYiAhk root@ubuntu-xenial
[   15.857863] cloud-init[943]: The key's randomart image is:
[   15.857974] cloud-init[943]: +---[RSA 2048]----+
[   15.858081] cloud-init[943]: |          o+oB+*o|
[   15.858190] cloud-init[943]: |          +.+ *.+|
[   15.858301] cloud-init[943]: |         o +   + |
[   15.858407] cloud-init[943]: | E        o .   .|
[   15.858525] cloud-init[943]: |  o   = S  . o . |
[0;32m  OK  [0m] Reached target System Initialization.
[   15.858628] cloud-init[943]: | o   o * o    =  |
[[   15.992145] cloud-init[943]: |  .   + B  . =   |
[   15.992825] cloud-init[943]: |   . . = B .o o  |
[   15.993046] cloud-init[943]: |    . . *=+...   |
[   15.993330] cloud-init[943]: +----[SHA256]-----+
[   15.993598] cloud-init[943]: Generating public/private dsa key pair.
[0;32m  OK  [0m] Listening on UUID daemon activation socket.
[[   15.993938] cloud-init[943]: Your identification has been saved in /etc/ssh/ssh_host_dsa_key.
[   16.003358] cloud-init[943]: Your public key has been saved in /etc/ssh/ssh_host_dsa_key.pub.
[   16.003529] cloud-init[943]: The key fingerprint is:
[   16.003733] cloud-init[943]: SHA256:mof1xpHZrED2zz0O7XxeVE75AUT1YPkHIF+2n6yj1Mo root@ubuntu-xenial
[   16.003946] cloud-init[943]: The key's randomart image is:
[   16.004379] cloud-init[943]: +---[DSA 1024]----+
[   16.004590] cloud-init[943]: |          . +=*o |
[   16.004964] cloud-init[943]: |           o ++oo|
[   16.005142] cloud-init[943]: |        o   . .=+|
[   16.005297] cloud-init[943]: |       o . =  .+B|
[   16.005464] cloud-init[943]: |        S = o  o*|
[   16.005633] cloud-init[943]: |       = + =.o.. |
[0;32m  OK  [0m] Started Trigger resolvconf update for networkd DNS.
[   16.005814] cloud-init[943]: |      + . =.+++ .|
[   16.297802] cloud-init[943]: |       . .o o=..o|
[   16.298631] cloud-init[943]: |           E  +o.|
[[0;32m  OK  [0m] Started Daily Cleanup of Temporary Directories.
[[   16.299121] cloud-init[943]: +----[SHA256]-----+
[   16.307035] cloud-init[943]: Generating public/private ecdsa key pair.
[   16.307464] cloud-init[943]: Your identification has been saved in /etc/ssh/ssh_host_ecdsa_key.
[   16.307936] cloud-init[943]: Your public key has been saved in /etc/ssh/ssh_host_ecdsa_key.pub.
[0;32m  OK  [0m] Started Daily apt activities.
         Starting Socket activation for snappy daemon.
[   16.308530] cloud-init[943]: The key fingerprint is:
[   16.333982] cloud-init[943]: SHA256:76cXpl6bmybT8F26wFApshswMY9AyHmoJX02vRLLv8M root@ubuntu-xenial
[   16.389365] cloud-init[943]: The key's randomart image is:
[[0;32m  OK  [0m] Started ACPI Events Check.
[[0;32m  OK  [0m] Reached target Paths.
[[0;32m  OK  [0m] Listening on ACPID Listen Socket.
[   16.395210] cloud-init[943]: +---[ECDSA 256]---+
[   16.484467] cloud-init[943]: | o =o.o          |
[   16.517016] cloud-init[943]: |. B *..=     .   |
[   16.565458] cloud-init[943]: | + = ++.o . o    |
         Starting LXD - unix socket.
[[0;32m  OK  [0m] Listening on D-Bus System Message Bus Socket.
[   16.591568] cloud-init[943]: |.   + .o o o     |
[   16.636486] cloud-init[943]: |     o  S .      |
[[0;32m  OK  [0m] Started Timer to automatically refresh installed snaps.
[[0;32m  OK  [0m] Reached target Timers.
[[0;32m  OK  [0m] Reached target Network is Online.
[   16.638965] cloud-init[943]: |      .  +.oo   .|
[   16.669263] cloud-init[943]: |     . .. .*+o o |
[   16.688381] cloud-init[943]: |      E  .+.*=o  |
[   16.691481] cloud-init[943]: |       . .+B=... |
         Starting iSCSI initiator daemon (iscsid)...
[[0;32m  OK  [0m] Reached target Cloud-config availability.
[   16.747947] cloud-init[943]: +----[SHA256]-----+
[   16.818262] cloud-init[943]: Generating public/private ed25519 key pair.
[   16.844906] cloud-init[943]: Your identification has been saved in /etc/ssh/ssh_host_ed25519_key.
[[0;32m  OK  [0m] Listening on Socket activation for snappy daemon.
[[0;32m  OK  [0m] Listening on LXD - unix socket.
[   16.859730] cloud-init[943]: Your public key has been saved in /etc/ssh/ssh_host_ed25519_key.pub.
[   16.929793] cloud-init[943]: The key fingerprint is:
[   16.933308] cloud-init[943]: SHA256:ezXNGAH3p2xpBntPwtTq0ch1QerRs/nz7jKLhiGHlvk root@ubuntu-xenial[[0;32m  OK  [0m] Started iSCSI initiator daemon (iscsid).

[   16.948797] cloud-init[943]: The key's randomart image is:
[   16.969740] cloud-init[943]: +--[ED25519 256]--+
[   16.972989] cloud-init[943]: |          ..o .o |
[   16.975537]          Starting Login to default iSCSI targets...
[[0;32m  OK  [0m] Reached target Sockets.
[[0;32m  OK  [0m] Reached target Basic System.
[[0;32m  OK  [0m] Started Deferred execution scheduler.
[[0;32m  OK  [0m] Started FUSE filesystem for LXC.
cloud-init[943]: |           . oo..|
[   16.992630] cloud-init[943]: |            oooo=|
[   16.992954] cloud-init[943]: |            .%.O=|
         Starting Login Service...
[   16.993119] cloud-init[943]: |        S+  =.^oo|
[   16.998454] cloud-init[943]: |        *.o. B =.|
[   16.998694] cloud-init[943]: |       ..+.o  ..o|
[   16.998837] cloud-init[943]: |         .E ..o o|
[   16.998989] cloud-init[943]: |           .. .*+|
[   16.999142] cloud-init[943]: +----[SHA256]-----+
         Starting Apply the settings specified in cloud-config...
[[0;32m  OK  [0m] Started Snappy daemon.
         Starting Pollinate to seed the pseudo random number generator...
[[0;32m  OK  [0m] Started ACPI event daemon.
         Starting Auto import assertions from block devices...
[[0;32m  OK  [0m] Started Regular background program processing daemon.
         Starting LXD - container startup/shutdown...
         Starting System Logging Service...
         Starting Accounts Service...
         Starting LSB: Record successful boot for GRUB...
         Starting /etc/rc.local Compatibility...
[[0;32m  OK  [0m] Started D-Bus System Message Bus.
         Starting LSB: MD monitoring daemon...
[[0;32m  OK  [0m] Started System Logging Service.
[[0;32m  OK  [0m] Started Auto import assertions from block devices.
[[0;32m  OK  [0m] Started LXD - container startup/shutdown.
[[0;32m  OK  [0m] Started /etc/rc.local Compatibility.
[[0;32m  OK  [0m] Started Login to default iSCSI targets.
[[0;32m  OK  [0m] Started LSB: Record successful boot for GRUB.
[[0;32m  OK  [0m] Started Login Service.
[[0;32m  OK  [0m] Started LSB: MD monitoring daemon.
         Starting Authenticate and Authorize Users to Run Privileged Tasks...
[[0;32m  OK  [0m] Reached target Remote File Systems (Pre).
[[0;32m  OK  [0m] Reached target Remote File Systems.
         Starting LSB: VirtualBox Linux Additions...
         Starting Permit User Sessions...
         Starting LSB: daemon to balance interrupts for SMP systems...
         Starting LSB: Set the CPU Frequency Scaling governor to "ondemand"...
         Starting LSB: automatic crash report generation...
[[0;32m  OK  [0m] Started Permit User Sessions.
[[0;32m  OK  [0m] Started Authenticate and Authorize Users to Run Privileged Tasks.
[[0;32m  OK  [0m] Started Accounts Service.
[   17.430166] cloud-init[1048]: Generating locales (this might take a while)...
         Starting Hold until boot process finishes up...
         Starting Terminate Plymouth Boot Screen...
[[0;32m  OK  [0m] Started LSB: daemon to balance interrupts for SMP systems.
[[0;32m  OK  [0m] Started LSB: VirtualBox Linux Additions.
[[0;32m  OK  [0m] Started LSB: automatic crash report generation.
[[0;32m  OK  [0m] Started Hold until boot process finishes up.
[[0;32m  OK  [0m] Started Terminate Plymouth Boot Screen.
[[0;32m  OK  [0m] Started Serial Getty on ttyS0.
[[0;32m  OK  [0m] Started Getty on tty1.
[[0;32m  OK  [0m] Reached target Login Prompts.
         Starting Set console scheme...
[[0;32m  OK  [0m] Started LSB: Set the CPU Frequency Scaling governor to "ondemand".
[[0;32m  OK  [0m] Started Set console scheme.
[   18.077424] cloud-init[1048]:   en_US.UTF-8... done
[   18.099525] cloud-init[1048]: Generation complete.
[[0;32m  OK  [0m] Stopped OpenBSD Secure Shell server.
         Starting OpenBSD Secure Shell server...
[[0;32m  OK  [0m] Started OpenBSD Secure Shell server.
[   18.391085] cloud-init[1048]: Cloud-init v. 0.7.9 running 'modules:config' at Tue, 06 Jun 2017 11:33:59 +0000. Up 17.34 seconds.
[[0;32m  OK  [0m] Started Apply the settings specified in cloud-config.
[[0;32m  OK  [0m] Started Pollinate to seed the pseudo random number generator.
[[0;32m  OK  [0m] Reached target Multi-User System.
         Starting Execute cloud user/final scripts...
[[0;32m  OK  [0m] Reached target Graphical Interface.
         Starting Update UTMP about System Runlevel Changes...
[[0;32m  OK  [0m] Started Update UTMP about System Runlevel Changes.ci-info: no authorized ssh keys fingerprints found for user ubuntu.

<14>Jun  6 11:34:02 ec2: 
<14>Jun  6 11:34:02 ec2: #############################################################
<14>Jun  6 11:34:02 ec2: -----BEGIN SSH HOST KEY FINGERPRINTS-----
<14>Jun  6 11:34:02 ec2: 1024 SHA256:mof1xpHZrED2zz0O7XxeVE75AUT1YPkHIF+2n6yj1Mo root@ubuntu-xenial (DSA)
<14>Jun  6 11:34:02 ec2: 256 SHA256:76cXpl6bmybT8F26wFApshswMY9AyHmoJX02vRLLv8M root@ubuntu-xenial (ECDSA)
<14>Jun  6 11:34:02 ec2: 256 SHA256:ezXNGAH3p2xpBntPwtTq0ch1QerRs/nz7jKLhiGHlvk root@ubuntu-xenial (ED25519)
<14>Jun  6 11:34:02 ec2: 2048 SHA256:s/N9TMZFlgRhHyYXogXE4Sz5vbK6wtCMnePN7OYiAhk root@ubuntu-xenial (RSA)
<14>Jun  6 11:34:02 ec2: -----END SSH HOST KEY FINGERPRINTS-----
<14>Jun  6 11:34:02 ec2: #############################################################
-----BEGIN SSH HOST KEY KEYS-----
ecdsa-sha2-nistp256 AAAAE2VjZHNhLXNoYTItbmlzdHAyNTYAAAAIbmlzdHAyNTYAAABBBBq4cqpga0CCZPCNShb4kNc7g4PiDRj0v9Hqix2JCOtmQ9YDeCAxh/dO4Ez7H1T0Kz2SZrCwQHbL5LCFzHnIs7I= root@ubuntu-xenial
ssh-ed25519 AAAAC3NzaC1lZDI1NTE5AAAAIMN723gOHAEG+9t8Cy1HnnBFTAKJnr0fCEVXw2a+U7FS root@ubuntu-xenial
ssh-rsa AAAAB3NzaC1yc2EAAAADAQABAAABAQDlH6tC/xIpwJCMTFfuafx2pcna9x3ohArj1Il3FGuJuYvR2RuJcSi72HSYrGEtG/7c4h/fLV6nE0RwnyOs0ETt7JgqNcOxp9pyGm3H0QPDHbZ6GXHnNwHZX3kb/bgk5wTJ4iYeADv0SK93eqplf52PxM17A78agk4RHJrYBGYAHxJGNWV/nF8C/GQZ0Hi+oJ7lTfX/zPb8ZpRT5/J/Yqxyp5ftB9/WMH6wqbUuvFtvDR9SPODgd0jPQJeBrVWrDIiNjSUWDUppXC44p8U/uFwXhcEqDCFzBNn7ZuILCirLTrLiDB3HOr6Uzl6RxSERR+GYaXWq4wEFDkgK3U+Fam3Z root@ubuntu-xenial
-----END SSH HOST KEY KEYS-----
[   19.783595] cloud-init[1306]: Cloud-init v. 0.7.9 running 'modules:final' at Tue, 06 Jun 2017 11:34:02 +0000. Up 19.64 seconds.
[   19.820586] cloud-init[1306]: ci-info: no authorized ssh keys fingerprints found for user ubuntu.
[[0;32m  OK  [0m] Started Execute cloud user/final scripts.
[   19.820778] cloud-init[1306]: Cloud-init v. 0.7.9 finished at Tue, 06 Jun 2017 11:34:02 +0000. Datasource DataSourceNoCloud [seed=/dev/sdb][dsmode=net].  Up 19.77 seconds
[[0;32m  OK  [0m] Reached target Cloud-init target.

Ubuntu 16.04.2 LTS ubuntu-xenial ttyS0

ubuntu-xenial login: 